<?xml version="1.0" encoding="UTF-8"?>
<testsuite xmlns:xsi="http://www.w3.org/2001/XMLSchema-instance" xsi:noNamespaceSchemaLocation="https://maven.apache.org/surefire/maven-surefire-plugin/xsd/surefire-test-report-3.0.xsd" version="3.0" name="com.deccan.batchprocessor.EventPipelineTest" time="0.038" tests="6" errors="0" skipped="0" failures="0">
  <properties>
[...]
</properties>
  <testcase name="aggregatorShouldSumPurchaseValuesOnly" classname="com.deccan.batchprocessor.EventPipelineTest" time="0.016"/>
  <testcase name="invalidEventTypeShouldFailValidation" classname="com.deccan.batchprocessor.EventPipelineTest" time="0.001"/>
  <testcase name="validLineShouldPassValidation" classname="com.deccan.batchprocessor.EventPipelineTest" time="0.001"/>
  <testcase name="parserShouldCreateEventCorrectly" classname="com.deccan.batchprocessor.EventPipelineTest" time="0.001"/>
  <testcase name="aggregatorShouldCountEventsPerUser" classname="com.deccan.batchprocessor.EventPipelineTest" time="0.001"/>
  <testcase name="negativeValueShouldFailValidation" classname="com.deccan.batchprocessor.EventPipelineTest" time="0.001"/>
</testsuite>